2026-03-06 00:17:57.999 INFO  [background-preinit] o.h.validator.internal.util.Version - HV000001: Hibernate Validator 9.0.1.Final
2026-03-06 00:17:58.049 INFO  [main] c.d.i.InventorySalesApiApplication - Starting InventorySalesApiApplication using Java 23.0.1 with PID 20288 (D:\Dibimbing Backend Batch 5\Final Project\inventory-sales-api\target\classes started by user in D:\Dibimbing Backend Batch 5\Final Project\inventory-sales-api)
2026-03-06 00:17:58.049 DEBUG [main] c.d.i.InventorySalesApiApplication - Running with Spring Boot v4.0.3, Spring v7.0.5
2026-03-06 00:17:58.050 INFO  [main] c.d.i.InventorySalesApiApplication - No active profile set, falling back to 1 default profile: "default"
2026-03-06 00:17:58.764 INFO  [main] o.s.d.r.c.RepositoryConfigurationDelegate - Bootstrapping Spring Data JPA repositories in DEFAULT mode.
2026-03-06 00:17:58.818 INFO  [main] o.s.d.r.c.RepositoryConfigurationDelegate - Finished Spring Data repository scanning in 48 ms. Found 13 JPA repository interfaces.
2026-03-06 00:17:59.546 INFO  [main] o.s.boot.tomcat.TomcatWebServer - Tomcat initialized with port 8080 (http)
2026-03-06 00:17:59.557 INFO  [main] o.a.coyote.http11.Http11NioProtocol - Initializing ProtocolHandler ["http-nio-8080"]
2026-03-06 00:17:59.560 INFO  [main] o.a.catalina.core.StandardService - Starting service [Tomcat]
2026-03-06 00:17:59.561 INFO  [main] o.a.catalina.core.StandardEngine - Starting Servlet engine: [Apache Tomcat/11.0.18]
2026-03-06 00:17:59.615 INFO  [main] o.s.b.w.c.s.WebApplicationContextInitializer - Root WebApplicationContext: initialization completed in 1521 ms
2026-03-06 00:17:59.992 DEBUG [main] o.f.c.i.s.classpath.ClassPathScanner - Scanning for classpath resources at 'classpath:db/callback' ...
2026-03-06 00:17:59.993 DEBUG [main] o.f.c.i.s.classpath.ClassPathScanner - Determining location urls for classpath:db/callback using ClassLoader TomcatEmbeddedWebappClassLoader
  context: ROOT
  delegate: true
----------> Parent Classloader:
jdk.internal.loader.ClassLoaders$AppClassLoader@33909752
 ...
2026-03-06 00:17:59.993 DEBUG [main] o.f.c.i.s.classpath.ClassPathScanner - Unable to resolve location classpath:db/callback.
2026-03-06 00:17:59.993 DEBUG [main] o.f.c.i.s.classpath.ClassPathScanner - Scanning for classpath resources at 'classpath:db/migration' ...
2026-03-06 00:17:59.993 DEBUG [main] o.f.c.i.s.classpath.ClassPathScanner - Determining location urls for classpath:db/migration using ClassLoader TomcatEmbeddedWebappClassLoader
  context: ROOT
  delegate: true
----------> Parent Classloader:
jdk.internal.loader.ClassLoaders$AppClassLoader@33909752
 ...
2026-03-06 00:17:59.993 DEBUG [main] o.f.c.i.s.classpath.ClassPathScanner - Scanning URL: file:/D:/Dibimbing%20Backend%20Batch%205/Final%20Project/inventory-sales-api/target/classes/db/migration
2026-03-06 00:17:59.994 DEBUG [main] o.f.c.i.s.c.FileSystemClassPathLocationScanner - Scanning starting at classpath root in filesystem: D:\Dibimbing Backend Batch 5\Final Project\inventory-sales-api\target\classes\
2026-03-06 00:17:59.994 DEBUG [main] o.f.c.i.s.c.FileSystemClassPathLocationScanner - Scanning for resources in path: D:\Dibimbing Backend Batch 5\Final Project\inventory-sales-api\target\classes\db\migration (db/migration)
2026-03-06 00:17:59.995 DEBUG [main] o.f.c.i.s.classpath.ClassPathScanner - Found resource: db/migration/V1__init_schema.sql
2026-03-06 00:17:59.995 DEBUG [main] o.f.c.i.s.classpath.ClassPathScanner - Found resource: db/migration/V2__seed_master.sql
2026-03-06 00:17:59.996 DEBUG [main] o.f.c.i.s.classpath.ClassPathScanner - Scanning for classpath resources at 'classpath:db/migration' ...
2026-03-06 00:17:59.996 DEBUG [main] o.f.c.i.s.classpath.ClassPathScanner - Determining location urls for classpath:db/migration using ClassLoader TomcatEmbeddedWebappClassLoader
  context: ROOT
  delegate: true
----------> Parent Classloader:
jdk.internal.loader.ClassLoaders$AppClassLoader@33909752
 ...
2026-03-06 00:17:59.996 DEBUG [main] o.f.c.i.s.classpath.ClassPathScanner - Scanning URL: file:/D:/Dibimbing%20Backend%20Batch%205/Final%20Project/inventory-sales-api/target/classes/db/migration
2026-03-06 00:17:59.996 DEBUG [main] o.f.c.i.s.classpath.ClassPathScanner - Found resource: db/migration/V1__init_schema.sql
2026-03-06 00:17:59.997 DEBUG [main] o.f.c.i.s.classpath.ClassPathScanner - Found resource: db/migration/V2__seed_master.sql
2026-03-06 00:17:59.997 DEBUG [main] o.f.c.i.s.classpath.ClassPathScanner - Scanning for classes at classpath:db/migration
2026-03-06 00:17:59.998 INFO  [main] com.zaxxer.hikari.HikariDataSource - HikariPool-1 - Starting...
2026-03-06 00:18:00.104 INFO  [main] com.zaxxer.hikari.pool.HikariPool - HikariPool-1 - Added connection com.mysql.cj.jdbc.ConnectionImpl@3593e074
2026-03-06 00:18:00.105 INFO  [main] com.zaxxer.hikari.HikariDataSource - HikariPool-1 - Start completed.
2026-03-06 00:18:00.126 DEBUG [main] o.f.c.i.r.ResourceNameValidator - Validating V2__seed_master.sql
2026-03-06 00:18:00.127 DEBUG [main] o.f.c.i.r.ResourceNameValidator - Validating V1__init_schema.sql
2026-03-06 00:18:00.134 INFO  [main] org.flywaydb.core.FlywayExecutor - Database: jdbc:mysql://localhost:3306/inventory_sales?useSSL=false&allowPublicKeyRetrieval=true&serverTimezone=UTC (MySQL 8.0)
2026-03-06 00:18:00.135 DEBUG [main] org.flywaydb.core.FlywayExecutor - Database Type: MySQL
2026-03-06 00:18:00.135 DEBUG [main] org.flywaydb.core.FlywayExecutor - Driver: MySQL Connector/J mysql-connector-j-9.6.0 (Revision: fdef61f4af21fa9e0ac334ff0664ec754c164cc0)
2026-03-06 00:18:00.135 DEBUG [main] org.flywaydb.core.FlywayExecutor - DDL Transactions Supported: false
2026-03-06 00:18:00.136 DEBUG [main] o.f.c.i.s.SchemaHistoryFactory - Schemas: 
2026-03-06 00:18:00.136 DEBUG [main] o.f.c.i.s.SchemaHistoryFactory - Default schema: null
2026-03-06 00:18:00.146 DEBUG [main] org.flywaydb.core.FlywayExecutor - Scanning for script callbacks ...
2026-03-06 00:18:00.148 DEBUG [main] o.f.c.i.c.SqlScriptCallbackFactory - Scanning for SQL callbacks ...
2026-03-06 00:18:00.153 DEBUG [main] o.f.core.internal.command.DbValidate - Validating migrations ...
2026-03-06 00:18:00.156 DEBUG [main] o.f.c.a.c.ClassicConfiguration - CherryPickConfigurationExtension not found
2026-03-06 00:18:00.161 DEBUG [main] o.f.core.internal.scanner.Scanner - Filtering out resource: db/migration/V2__seed_master.sql (filename: V2__seed_master.sql)
2026-03-06 00:18:00.161 DEBUG [main] o.f.core.internal.scanner.Scanner - Filtering out resource: db/migration/V1__init_schema.sql (filename: V1__init_schema.sql)
2026-03-06 00:18:00.162 DEBUG [main] o.f.core.internal.scanner.Scanner - Filtering out resource: db/migration/V2__seed_master.sql (filename: V2__seed_master.sql)
2026-03-06 00:18:00.162 DEBUG [main] o.f.core.internal.scanner.Scanner - Filtering out resource: db/migration/V1__init_schema.sql (filename: V1__init_schema.sql)
2026-03-06 00:18:00.162 DEBUG [main] o.f.core.internal.scanner.Scanner - Filtering out resource: db/migration/V2__seed_master.sql (filename: V2__seed_master.sql)
2026-03-06 00:18:00.163 DEBUG [main] o.f.core.internal.scanner.Scanner - Filtering out resource: db/migration/V1__init_schema.sql (filename: V1__init_schema.sql)
2026-03-06 00:18:00.163 DEBUG [main] o.f.core.internal.scanner.Scanner - Filtering out resource: db/migration/V2__seed_master.sql (filename: V2__seed_master.sql)
2026-03-06 00:18:00.163 DEBUG [main] o.f.core.internal.scanner.Scanner - Filtering out resource: db/migration/V1__init_schema.sql (filename: V1__init_schema.sql)
2026-03-06 00:18:00.180 INFO  [main] o.f.core.internal.command.DbValidate - Successfully validated 2 migrations (execution time 00:00.026s)
2026-03-06 00:18:00.183 DEBUG [main] o.f.core.internal.command.DbSchemas - Skipping creation of existing schema: `inventory_sales`
2026-03-06 00:18:00.188 DEBUG [main] o.f.c.a.c.ClassicConfiguration - CherryPickConfigurationExtension not found
2026-03-06 00:18:00.191 INFO  [main] o.f.core.internal.command.DbMigrate - Current version of schema `inventory_sales`: 2
2026-03-06 00:18:00.193 INFO  [main] o.f.core.internal.command.DbMigrate - Schema `inventory_sales` is up to date. No migration necessary.
2026-03-06 00:18:00.202 DEBUG [main] org.flywaydb.core.FlywayExecutor - Memory usage: 44 of 292M
2026-03-06 00:18:00.263 INFO  [main] org.hibernate.orm.jpa - HHH008540: Processing PersistenceUnitInfo [name: default]
2026-03-06 00:18:00.290 INFO  [main] org.hibernate.orm.core - HHH000001: Hibernate ORM core version 7.2.4.Final
2026-03-06 00:18:00.553 INFO  [main] o.s.o.j.p.SpringPersistenceUnitInfo - No LoadTimeWeaver setup: ignoring JPA class transformer
2026-03-06 00:18:00.606 INFO  [main] o.hibernate.orm.connections.pooling - HHH10001005: Database info:
	Database JDBC URL [jdbc:mysql://localhost:3306/inventory_sales?useSSL=false&allowPublicKeyRetrieval=true&serverTimezone=UTC]
	Database driver: MySQL Connector/J
	Database dialect: MySQLDialect
	Database version: 8.0.42
	Default catalog/schema: inventory_sales/undefined
	Autocommit mode: undefined/unknown
	Isolation level: REPEATABLE_READ [default REPEATABLE_READ]
	JDBC fetch size: none
	Pool: DataSourceConnectionProvider
	Minimum pool size: undefined/unknown
	Maximum pool size: undefined/unknown
2026-03-06 00:18:01.277 INFO  [main] org.hibernate.orm.core - HHH000489: No JTA platform available (set 'hibernate.transaction.jta.platform' to enable JTA platform integration)
2026-03-06 00:18:01.303 INFO  [main] o.s.o.j.LocalContainerEntityManagerFactoryBean - Initialized JPA EntityManagerFactory for persistence unit 'default'
2026-03-06 00:18:01.358 INFO  [main] o.s.d.j.r.q.QueryEnhancerFactories - Hibernate is in classpath; If applicable, HQL parser will be used.
2026-03-06 00:18:01.475 DEBUG [main] c.d.i.s.JwtAuthenticationFilter - Filter 'jwtAuthenticationFilter' configured for use
2026-03-06 00:18:01.529 INFO  [main] o.s.s.c.a.a.c.InitializeAuthenticationProviderBeanManagerConfigurer$InitializeAuthenticationProviderManagerConfigurer - Global AuthenticationManager configured with AuthenticationProvider bean with name daoAuthenticationProvider
2026-03-06 00:18:01.530 WARN  [main] o.s.s.c.a.a.c.InitializeUserDetailsBeanManagerConfigurer$InitializeUserDetailsManagerConfigurer - Global AuthenticationManager configured with an AuthenticationProvider bean. UserDetailsService beans will not be used by Spring Security for automatically configuring username/password login. Consider removing the AuthenticationProvider bean. Alternatively, consider using the UserDetailsService in a manually instantiated DaoAuthenticationProvider. If the current configuration is intentional, to turn off this warning, increase the logging level of 'org.springframework.security.config.annotation.authentication.configuration.InitializeUserDetailsBeanManagerConfigurer' to ERROR
2026-03-06 00:18:02.252 INFO  [main] o.s.b.a.e.web.EndpointLinksResolver - Exposing 2 endpoints beneath base path '/actuator'
2026-03-06 00:18:02.303 INFO  [main] o.s.boot.tomcat.TomcatWebServer - Tomcat started on port 8080 (http) with context path '/'
2026-03-06 00:18:02.309 INFO  [main] c.d.i.InventorySalesApiApplication - Started InventorySalesApiApplication in 4.621 seconds (process running for 4.887)
2026-03-06 00:18:02.312 INFO  [SpringApplicationShutdownHook] o.s.boot.tomcat.GracefulShutdown - Commencing graceful shutdown. Waiting for active requests to complete
2026-03-06 00:18:02.315 INFO  [tomcat-shutdown] o.s.boot.tomcat.GracefulShutdown - Graceful shutdown complete
2026-03-06 00:18:02.320 INFO  [SpringApplicationShutdownHook] o.s.o.j.LocalContainerEntityManagerFactoryBean - Closing JPA EntityManagerFactory for persistence unit 'default'
2026-03-06 00:18:02.322 INFO  [SpringApplicationShutdownHook] com.zaxxer.hikari.HikariDataSource - HikariPool-1 - Shutdown initiated...
2026-03-06 00:18:02.329 INFO  [SpringApplicationShutdownHook] com.zaxxer.hikari.HikariDataSource - HikariPool-1 - Shutdown completed.
2026-03-06 00:18:10.605 INFO  [background-preinit] o.h.validator.internal.util.Version - HV000001: Hibernate Validator 9.0.1.Final
2026-03-06 00:18:10.646 INFO  [main] c.d.i.InventorySalesApiApplication - Starting InventorySalesApiApplication using Java 23.0.1 with PID 45684 (D:\Dibimbing Backend Batch 5\Final Project\inventory-sales-api\target\classes started by user in D:\Dibimbing Backend Batch 5\Final Project\inventory-sales-api)
2026-03-06 00:18:10.646 DEBUG [main] c.d.i.InventorySalesApiApplication - Running with Spring Boot v4.0.3, Spring v7.0.5
2026-03-06 00:18:10.647 INFO  [main] c.d.i.InventorySalesApiApplication - No active profile set, falling back to 1 default profile: "default"
2026-03-06 00:18:11.391 INFO  [main] o.s.d.r.c.RepositoryConfigurationDelegate - Bootstrapping Spring Data JPA repositories in DEFAULT mode.
2026-03-06 00:18:11.450 INFO  [main] o.s.d.r.c.RepositoryConfigurationDelegate - Finished Spring Data repository scanning in 52 ms. Found 13 JPA repository interfaces.
2026-03-06 00:18:12.196 INFO  [main] o.s.boot.tomcat.TomcatWebServer - Tomcat initialized with port 8080 (http)
2026-03-06 00:18:12.208 INFO  [main] o.a.coyote.http11.Http11NioProtocol - Initializing ProtocolHandler ["http-nio-8080"]
2026-03-06 00:18:12.210 INFO  [main] o.a.catalina.core.StandardService - Starting service [Tomcat]
2026-03-06 00:18:12.211 INFO  [main] o.a.catalina.core.StandardEngine - Starting Servlet engine: [Apache Tomcat/11.0.18]
2026-03-06 00:18:12.261 INFO  [main] o.s.b.w.c.s.WebApplicationContextInitializer - Root WebApplicationContext: initialization completed in 1572 ms
2026-03-06 00:18:12.591 DEBUG [main] o.f.c.i.s.classpath.ClassPathScanner - Scanning for classpath resources at 'classpath:db/callback' ...
2026-03-06 00:18:12.591 DEBUG [main] o.f.c.i.s.classpath.ClassPathScanner - Determining location urls for classpath:db/callback using ClassLoader TomcatEmbeddedWebappClassLoader
  context: ROOT
  delegate: true
----------> Parent Classloader:
jdk.internal.loader.ClassLoaders$AppClassLoader@33909752
 ...
2026-03-06 00:18:12.591 DEBUG [main] o.f.c.i.s.classpath.ClassPathScanner - Unable to resolve location classpath:db/callback.
2026-03-06 00:18:12.591 DEBUG [main] o.f.c.i.s.classpath.ClassPathScanner - Scanning for classpath resources at 'classpath:db/migration' ...
2026-03-06 00:18:12.591 DEBUG [main] o.f.c.i.s.classpath.ClassPathScanner - Determining location urls for classpath:db/migration using ClassLoader TomcatEmbeddedWebappClassLoader
  context: ROOT
  delegate: true
----------> Parent Classloader:
jdk.internal.loader.ClassLoaders$AppClassLoader@33909752
 ...
2026-03-06 00:18:12.591 DEBUG [main] o.f.c.i.s.classpath.ClassPathScanner - Scanning URL: file:/D:/Dibimbing%20Backend%20Batch%205/Final%20Project/inventory-sales-api/target/classes/db/migration
2026-03-06 00:18:12.592 DEBUG [main] o.f.c.i.s.c.FileSystemClassPathLocationScanner - Scanning starting at classpath root in filesystem: D:\Dibimbing Backend Batch 5\Final Project\inventory-sales-api\target\classes\
2026-03-06 00:18:12.592 DEBUG [main] o.f.c.i.s.c.FileSystemClassPathLocationScanner - Scanning for resources in path: D:\Dibimbing Backend Batch 5\Final Project\inventory-sales-api\target\classes\db\migration (db/migration)
2026-03-06 00:18:12.593 DEBUG [main] o.f.c.i.s.classpath.ClassPathScanner - Found resource: db/migration/V1__init_schema.sql
2026-03-06 00:18:12.593 DEBUG [main] o.f.c.i.s.classpath.ClassPathScanner - Found resource: db/migration/V2__seed_master.sql
2026-03-06 00:18:12.593 DEBUG [main] o.f.c.i.s.classpath.ClassPathScanner - Scanning for classpath resources at 'classpath:db/migration' ...
2026-03-06 00:18:12.594 DEBUG [main] o.f.c.i.s.classpath.ClassPathScanner - Determining location urls for classpath:db/migration using ClassLoader TomcatEmbeddedWebappClassLoader
  context: ROOT
  delegate: true
----------> Parent Classloader:
jdk.internal.loader.ClassLoaders$AppClassLoader@33909752
 ...
2026-03-06 00:18:12.594 DEBUG [main] o.f.c.i.s.classpath.ClassPathScanner - Scanning URL: file:/D:/Dibimbing%20Backend%20Batch%205/Final%20Project/inventory-sales-api/target/classes/db/migration
2026-03-06 00:18:12.594 DEBUG [main] o.f.c.i.s.classpath.ClassPathScanner - Found resource: db/migration/V1__init_schema.sql
2026-03-06 00:18:12.594 DEBUG [main] o.f.c.i.s.classpath.ClassPathScanner - Found resource: db/migration/V2__seed_master.sql
2026-03-06 00:18:12.594 DEBUG [main] o.f.c.i.s.classpath.ClassPathScanner - Scanning for classes at classpath:db/migration
2026-03-06 00:18:12.595 INFO  [main] com.zaxxer.hikari.HikariDataSource - HikariPool-1 - Starting...
2026-03-06 00:18:12.693 INFO  [main] com.zaxxer.hikari.pool.HikariPool - HikariPool-1 - Added connection com.mysql.cj.jdbc.ConnectionImpl@47c81e89
2026-03-06 00:18:12.694 INFO  [main] com.zaxxer.hikari.HikariDataSource - HikariPool-1 - Start completed.
2026-03-06 00:18:12.712 DEBUG [main] o.f.c.i.r.ResourceNameValidator - Validating V2__seed_master.sql
2026-03-06 00:18:12.712 DEBUG [main] o.f.c.i.r.ResourceNameValidator - Validating V1__init_schema.sql
2026-03-06 00:18:12.718 INFO  [main] org.flywaydb.core.FlywayExecutor - Database: jdbc:mysql://localhost:3306/inventory_sales?useSSL=false&allowPublicKeyRetrieval=true&serverTimezone=UTC (MySQL 8.0)
2026-03-06 00:18:12.718 DEBUG [main] org.flywaydb.core.FlywayExecutor - Database Type: MySQL
2026-03-06 00:18:12.718 DEBUG [main] org.flywaydb.core.FlywayExecutor - Driver: MySQL Connector/J mysql-connector-j-9.6.0 (Revision: fdef61f4af21fa9e0ac334ff0664ec754c164cc0)
2026-03-06 00:18:12.719 DEBUG [main] org.flywaydb.core.FlywayExecutor - DDL Transactions Supported: false
2026-03-06 00:18:12.719 DEBUG [main] o.f.c.i.s.SchemaHistoryFactory - Schemas: 
2026-03-06 00:18:12.720 DEBUG [main] o.f.c.i.s.SchemaHistoryFactory - Default schema: null
2026-03-06 00:18:12.728 DEBUG [main] org.flywaydb.core.FlywayExecutor - Scanning for script callbacks ...
2026-03-06 00:18:12.730 DEBUG [main] o.f.c.i.c.SqlScriptCallbackFactory - Scanning for SQL callbacks ...
2026-03-06 00:18:12.735 DEBUG [main] o.f.core.internal.command.DbValidate - Validating migrations ...
2026-03-06 00:18:12.737 DEBUG [main] o.f.c.a.c.ClassicConfiguration - CherryPickConfigurationExtension not found
2026-03-06 00:18:12.741 DEBUG [main] o.f.core.internal.scanner.Scanner - Filtering out resource: db/migration/V2__seed_master.sql (filename: V2__seed_master.sql)
2026-03-06 00:18:12.741 DEBUG [main] o.f.core.internal.scanner.Scanner - Filtering out resource: db/migration/V1__init_schema.sql (filename: V1__init_schema.sql)
2026-03-06 00:18:12.742 DEBUG [main] o.f.core.internal.scanner.Scanner - Filtering out resource: db/migration/V2__seed_master.sql (filename: V2__seed_master.sql)
2026-03-06 00:18:12.742 DEBUG [main] o.f.core.internal.scanner.Scanner - Filtering out resource: db/migration/V1__init_schema.sql (filename: V1__init_schema.sql)
2026-03-06 00:18:12.742 DEBUG [main] o.f.core.internal.scanner.Scanner - Filtering out resource: db/migration/V2__seed_master.sql (filename: V2__seed_master.sql)
2026-03-06 00:18:12.743 DEBUG [main] o.f.core.internal.scanner.Scanner - Filtering out resource: db/migration/V1__init_schema.sql (filename: V1__init_schema.sql)
2026-03-06 00:18:12.743 DEBUG [main] o.f.core.internal.scanner.Scanner - Filtering out resource: db/migration/V2__seed_master.sql (filename: V2__seed_master.sql)
2026-03-06 00:18:12.743 DEBUG [main] o.f.core.internal.scanner.Scanner - Filtering out resource: db/migration/V1__init_schema.sql (filename: V1__init_schema.sql)
2026-03-06 00:18:12.759 INFO  [main] o.f.core.internal.command.DbValidate - Successfully validated 2 migrations (execution time 00:00.022s)
2026-03-06 00:18:12.761 DEBUG [main] o.f.core.internal.command.DbSchemas - Skipping creation of existing schema: `inventory_sales`
2026-03-06 00:18:12.767 DEBUG [main] o.f.c.a.c.ClassicConfiguration - CherryPickConfigurationExtension not found
2026-03-06 00:18:12.769 INFO  [main] o.f.core.internal.command.DbMigrate - Current version of schema `inventory_sales`: 2
2026-03-06 00:18:12.771 INFO  [main] o.f.core.internal.command.DbMigrate - Schema `inventory_sales` is up to date. No migration necessary.
2026-03-06 00:18:12.779 DEBUG [main] org.flywaydb.core.FlywayExecutor - Memory usage: 42 of 68M
2026-03-06 00:18:12.847 INFO  [main] org.hibernate.orm.jpa - HHH008540: Processing PersistenceUnitInfo [name: default]
2026-03-06 00:18:12.881 INFO  [main] org.hibernate.orm.core - HHH000001: Hibernate ORM core version 7.2.4.Final
2026-03-06 00:18:13.133 INFO  [main] o.s.o.j.p.SpringPersistenceUnitInfo - No LoadTimeWeaver setup: ignoring JPA class transformer
2026-03-06 00:18:13.184 INFO  [main] o.hibernate.orm.connections.pooling - HHH10001005: Database info:
	Database JDBC URL [jdbc:mysql://localhost:3306/inventory_sales?useSSL=false&allowPublicKeyRetrieval=true&serverTimezone=UTC]
	Database driver: MySQL Connector/J
	Database dialect: MySQLDialect
	Database version: 8.0.42
	Default catalog/schema: inventory_sales/undefined
	Autocommit mode: undefined/unknown
	Isolation level: REPEATABLE_READ [default REPEATABLE_READ]
	JDBC fetch size: none
	Pool: DataSourceConnectionProvider
	Minimum pool size: undefined/unknown
	Maximum pool size: undefined/unknown
2026-03-06 00:18:13.807 INFO  [main] org.hibernate.orm.core - HHH000489: No JTA platform available (set 'hibernate.transaction.jta.platform' to enable JTA platform integration)
2026-03-06 00:18:13.830 INFO  [main] o.s.o.j.LocalContainerEntityManagerFactoryBean - Initialized JPA EntityManagerFactory for persistence unit 'default'
2026-03-06 00:18:13.879 INFO  [main] o.s.d.j.r.q.QueryEnhancerFactories - Hibernate is in classpath; If applicable, HQL parser will be used.
2026-03-06 00:18:14.001 DEBUG [main] c.d.i.s.JwtAuthenticationFilter - Filter 'jwtAuthenticationFilter' configured for use
2026-03-06 00:18:14.046 INFO  [main] o.s.s.c.a.a.c.InitializeAuthenticationProviderBeanManagerConfigurer$InitializeAuthenticationProviderManagerConfigurer - Global AuthenticationManager configured with AuthenticationProvider bean with name daoAuthenticationProvider
2026-03-06 00:18:14.046 WARN  [main] o.s.s.c.a.a.c.InitializeUserDetailsBeanManagerConfigurer$InitializeUserDetailsManagerConfigurer - Global AuthenticationManager configured with an AuthenticationProvider bean. UserDetailsService beans will not be used by Spring Security for automatically configuring username/password login. Consider removing the AuthenticationProvider bean. Alternatively, consider using the UserDetailsService in a manually instantiated DaoAuthenticationProvider. If the current configuration is intentional, to turn off this warning, increase the logging level of 'org.springframework.security.config.annotation.authentication.configuration.InitializeUserDetailsBeanManagerConfigurer' to ERROR
2026-03-06 00:18:14.728 INFO  [main] o.s.b.a.e.web.EndpointLinksResolver - Exposing 2 endpoints beneath base path '/actuator'
2026-03-06 00:18:14.769 INFO  [main] o.a.coyote.http11.Http11NioProtocol - Starting ProtocolHandler ["http-nio-8080"]
2026-03-06 00:18:14.779 INFO  [main] o.s.boot.tomcat.TomcatWebServer - Tomcat started on port 8080 (http) with context path '/'
2026-03-06 00:18:14.786 INFO  [main] c.d.i.InventorySalesApiApplication - Started InventorySalesApiApplication in 4.504 seconds (process running for 4.763)
2026-03-06 00:18:14.834 WARN  [main] o.s.c.events.SpringDocAppInitializer - SpringDoc /v3/api-docs endpoint is enabled by default. To disable it in production, set the property 'springdoc.api-docs.enabled=false'
2026-03-06 00:18:14.834 WARN  [main] o.s.c.events.SpringDocAppInitializer - SpringDoc /swagger-ui.html endpoint is enabled by default. To disable it in production, set the property 'springdoc.swagger-ui.enabled=false'
2026-03-06 00:18:20.717 INFO  [http-nio-8080-exec-4] o.a.c.c.C.[Tomcat].[localhost].[/] - Initializing Spring DispatcherServlet 'dispatcherServlet'
2026-03-06 00:18:20.717 INFO  [http-nio-8080-exec-4] o.s.web.servlet.DispatcherServlet - Initializing Servlet 'dispatcherServlet'
2026-03-06 00:18:20.718 INFO  [http-nio-8080-exec-4] o.s.web.servlet.DispatcherServlet - Completed initialization in 1 ms
2026-03-06 00:18:21.296 INFO  [http-nio-8080-exec-6] o.s.api.AbstractOpenApiResource - Init duration for springdoc-openapi is: 325 ms
2026-03-06 00:18:44.893 INFO  [http-nio-8080-exec-7] c.d.i.service.AuthService - AuthService.login attempt email=user@example.com
2026-03-06 00:18:45.404 INFO  [http-nio-8080-exec-7] c.d.i.service.AuthService - Login success userId=1 email=user@example.com roles=ADMIN
2026-03-06 00:19:37.297 DEBUG [http-nio-8080-exec-1] c.d.i.service.WarehouseService - WarehouseService.list called q='null' page=0 size=10
2026-03-06 00:19:49.970 INFO  [http-nio-8080-exec-4] c.d.i.service.WarehouseService - WarehouseService.create called name=string
2026-03-06 00:19:50.066 INFO  [http-nio-8080-exec-4] c.d.i.service.WarehouseService - Warehouse created warehouseId=3 name=string
